Arguments: 
  C:\Program Files\nodejs\node.exe C:\Users\WRASHTECH\AppData\Roaming\npm\node_modules\yarn\bin\yarn.js add dotenv express cors body-parser mongoose jsonwebtoken bcrypt

PATH: 
  C:\Program Files\Common Files\Oracle\Java\javapath;C:\Windows\system32;C:\Windows;C:\Windows\System32\Wbem;C:\Windows\System32\WindowsPowerShell\v1.0\;C:\Windows\System32\OpenSSH\;C:\Program Files\Git\cmd;C:\Program Files\PostgreSQL\14\bin;C:\Program Files\mingw64\bin;C:\Users\WRASHTECH\AppData\Roaming\nvm;C:\Program Files\nodejs;C:\ProgramData\chocolatey\bin;C:\Users\WRASHTECH\AppData\Local\Programs\Python\Python310\Scripts\;C:\Users\WRASHTECH\AppData\Local\Programs\Python\Python310\;C:\Users\WRASHTECH\AppData\Local\Microsoft\WindowsApps;C:\Users\WRASHTECH\AppData\Local\Programs\Microsoft VS Code\bin;C:\Users\WRASHTECH\AppData\Roaming\npm;C:\Users\WRASHTECH\AppData\Local\Programs\MiKTeX\miktex\bin\x64\;C:\Users\WRASHTECH\AppData\Roaming\nvm;C:\Program Files\nodejs

Yarn version: 
  1.22.19

Node version: 
  16.13.1

Platform: 
  win32 x64

Trace: 
  Error: getaddrinfo ENOTFOUND registry.yarnpkg.com
      at GetAddrInfoReqWrap.onlookup [as oncomplete] (node:dns:71:26)

npm manifest: 
  {
    "name": "backend",
    "version": "1.0.0",
    "main": "index.js",
    "license": "MIT"
  }

yarn manifest: 
  No manifest

Lockfile: 
  No lockfile
